Arguments: 
  /usr/local/bin/node /Users/a/.node/corepack/yarn/1.22.19/bin/yarn.js

PATH: 
  /Library/Java/JavaVirtualMachines/jdk1.8.0_211.jdk/Contents/Home//bin:/Users/a/libs/apache-maven-3.6.3/bin:/usr/local/bin:/usr/local/sbin:/usr/local/bin:/usr/bin:/bin:/usr/sbin:/sbin:/usr/local/go/bin:/usr/local/share/dotnet:~/.dotnet/tools:/Library/Apple/usr/bin:/Library/Frameworks/Mono.framework/Versions/Current/Commands:/Library/Java/JavaVirtualMachines/jdk1.8.0_211.jdk/Contents/Home//bin:/Users/a/libs/apache-maven-3.6.3/bin:/usr/local/sbin:/Users/a/.new_local/bin:/Applications/Visual Studio Code.app/Contents/Resources/app/bin:/Users/a/Library/Android/sdk/emulator:/Users/a/Library/Android/sdk/platform-tools:/Users/a/cli/repo:/Users/a/libs/apache-tomcat-8.5.89/bin:/Users/a/libs/gradle-8.1.1/bin:/Applications/Visual Studio Code.app/Contents/Resources/app/bin:/Users/a/Library/Android/sdk/emulator:/Users/a/Library/Android/sdk/platform-tools:/Users/a/cli/repo:/Users/a/libs/apache-tomcat-8.5.89/bin:/Users/a/libs/gradle-8.1.1/bin

Yarn version: 
  1.22.19

Node version: 
  16.17.1

Platform: 
  darwin x64

Trace: 
  Error: https://registry.npmjs.org/@types%2fmocha: ETIMEDOUT
      at Timeout._onTimeout (/Users/a/.node/corepack/yarn/1.22.19/lib/cli.js:141550:19)
      at listOnTimeout (node:internal/timers:559:17)
      at processTimers (node:internal/timers:502:7)

npm manifest: 
  {
  	"name": "lsp-sample",
  	"description": "A language server example",
  	"author": "Microsoft Corporation",
  	"license": "MIT",
  	"version": "1.0.0",
  	"repository": {
  		"type": "git",
  		"url": "https://github.com/Microsoft/vscode-extension-samples"
  	},
  	"publisher": "vscode-samples",
  	"categories": [],
  	"keywords": [
  		"multi-root ready"
  	],
  	"engines": {
  		"vscode": "^1.75.0"
  	},
  	"activationEvents": [
  		"onLanguage:plaintext"
  	],
  	"main": "./client/out/extension",
  	"contributes": {
  		"configuration": {
  			"type": "object",
  			"title": "Example configuration",
  			"properties": {
  				"languageServerExample.maxNumberOfProblems": {
  					"scope": "resource",
  					"type": "number",
  					"default": 100,
  					"description": "Controls the maximum number of problems produced by the server."
  				},
  				"languageServerExample.trace.server": {
  					"scope": "window",
  					"type": "string",
  					"enum": [
  						"off",
  						"messages",
  						"verbose"
  					],
  					"default": "off",
  					"description": "Traces the communication between VS Code and the language server."
  				}
  			}
  		}
  	},
  	"scripts": {
  		"vscode:prepublish": "npm run compile",
  		"compile": "tsc -b",
  		"watch": "tsc -b -w",
  		"lint": "eslint ./client/src ./server/src --ext .ts,.tsx",
  		"postinstall": "cd client && npm install && cd ../server && npm install && cd ..",
  		"test": "sh ./scripts/e2e.sh"
  	},
  	"devDependencies": {
  		"@types/mocha": "^9.1.0",
  		"@types/node": "^16.18.34",
  		"@typescript-eslint/eslint-plugin": "^5.54.0",
  		"@typescript-eslint/parser": "^5.54.0",
  		"eslint": "^8.35.0",
  		"mocha": "^9.2.1",
  		"typescript": "^5.1.3"
  	}
  }

yarn manifest: 
  No manifest

Lockfile: 
  No lockfile
